<?xml version="1.0" encoding="UTF-8"?>
<!-- Generated by org.testng.reporters.JUnitReportReporter -->
<testsuite hostname="LAPTOP-URBL5M10" failures="0" tests="1" name="in.amazon.tests.BuyMobileTest" time="29.877" errors="0" timestamp="2023-11-01T23:13:45 EDT" skipped="0">
  <testcase classname="in.amazon.tests.BuyMobileTest" name="BuyMobileTest" time="29.877"/>
  <system-out/>
</testsuite> <!-- in.amazon.tests.BuyMobileTest -->
