<?xml version="1.0" encoding="UTF-8"?>
<!-- Generated by org.testng.reporters.JUnitReportReporter -->
<testsuite hostname="LAPTOP-URBL5M10" failures="0" tests="1" name="in.amazon.tests.BuyMobileTest" time="15.111" errors="0" timestamp="2023-11-20T21:18:04 EST" skipped="0">
  <testcase classname="in.amazon.tests.BuyMobileTest" name="BuyMobileTest" time="15.111"/>
  <system-out/>
</testsuite> <!-- in.amazon.tests.BuyMobileTest -->
