<?xml version="1.0" encoding="UTF-8"?>
<!-- Generated by org.testng.reporters.JUnitReportReporter -->
<testsuite hostname="LAPTOP-URBL5M10" failures="0" tests="1" name="in.amazon.tests.BuyMobileTest" time="23.539" errors="0" timestamp="2023-10-31T22:56:13 EDT" skipped="0">
  <testcase classname="in.amazon.tests.BuyMobileTest" name="BuyMobileTest" time="23.539"/>
  <system-out/>
</testsuite> <!-- in.amazon.tests.BuyMobileTest -->
