<?xml version="1.0" encoding="UTF-8"?>
<!-- Generated by org.testng.reporters.JUnitReportReporter -->
<testsuite hostname="DESKTOP-UMBC6TR" failures="0" tests="1" name="in.amazon.tests.BuyMobileTest" time="9.369" errors="0" timestamp="2023-10-31T23:12:39 CDT" skipped="0">
  <testcase classname="in.amazon.tests.BuyMobileTest" name="BuyMobileTest" time="9.369"/>
  <system-out/>
</testsuite> <!-- in.amazon.tests.BuyMobileTest -->
